{"contracts/CertificateRegistry.sol":{"l":{"37":3,"41":1,"45":3,"49":3,"63":1,"67":1,"75":1,"77":1,"85":3,"87":3,"89":1,"90":1,"91":1,"94":2,"98":3},"path":"/home/engrsunday/workspace/E-Cert-Dapp/contracts/CertificateRegistry.sol","s":{"1":3,"2":3,"3":1,"4":1,"5":1,"6":1,"7":3,"8":3,"9":1,"10":1,"11":1,"12":2,"13":3},"b":{"1":[1,2],"2":[3,0],"3":[1,0],"4":[1,2],"5":[1,0]},"f":{"1":3,"2":3,"3":1,"4":3,"5":3},"fnMap":{"1":{"name":"onlyNotHashed","line":36,"loc":{"start":{"line":36,"column":4},"end":{"line":42,"column":4}}},"2":{"name":"onlyHashValueNotEmpty","line":44,"loc":{"start":{"line":44,"column":4},"end":{"line":50,"column":4}}},"3":{"name":"storeHash","line":61,"loc":{"start":{"line":57,"column":4},"end":{"line":78,"column":4}}},"4":{"name":"verifyCertificateData","line":80,"loc":{"start":{"line":80,"column":4},"end":{"line":95,"column":4}}},"5":{"name":"isHashStored","line":97,"loc":{"start":{"line":97,"column":4},"end":{"line":99,"column":4}}}},"statementMap":{"1":{"start":{"line":37,"column":8},"end":{"line":37,"column":1128}},"2":{"start":{"line":45,"column":8},"end":{"line":45,"column":1349}},"3":{"start":{"line":63,"column":8},"end":{"line":63,"column":1877}},"4":{"start":{"line":67,"column":8},"end":{"line":67,"column":1999}},"5":{"start":{"line":75,"column":8},"end":{"line":75,"column":51}},"6":{"start":{"line":77,"column":8},"end":{"line":77,"column":78}},"7":{"start":{"line":85,"column":8},"end":{"line":85,"column":31}},"8":{"start":{"line":87,"column":8},"end":{"line":87,"column":2550}},"9":{"start":{"line":89,"column":12},"end":{"line":89,"column":2692}},"10":{"start":{"line":90,"column":16},"end":{"line":90,"column":32}},"11":{"start":{"line":91,"column":16},"end":{"line":91,"column":33}},"12":{"start":{"line":94,"column":8},"end":{"line":94,"column":25}},"13":{"start":{"line":98,"column":8},"end":{"line":98,"column":55}}},"branchMap":{"1":{"line":37,"type":"if","locations":[{"start":{"line":37,"column":8},"end":{"line":37,"column":8}},{"start":{"line":37,"column":8},"end":{"line":37,"column":8}}]},"2":{"line":45,"type":"if","locations":[{"start":{"line":45,"column":8},"end":{"line":45,"column":8}},{"start":{"line":45,"column":8},"end":{"line":45,"column":8}}]},"3":{"line":63,"type":"if","locations":[{"start":{"line":63,"column":8},"end":{"line":63,"column":8}},{"start":{"line":63,"column":8},"end":{"line":63,"column":8}}]},"4":{"line":87,"type":"if","locations":[{"start":{"line":87,"column":8},"end":{"line":87,"column":8}},{"start":{"line":87,"column":8},"end":{"line":87,"column":8}}]},"5":{"line":89,"type":"if","locations":[{"start":{"line":89,"column":12},"end":{"line":89,"column":12}},{"start":{"line":89,"column":12},"end":{"line":89,"column":12}}]}}},"contracts/zeppelin/ownership/Ownable.sol":{"l":{"20":3,"21":3,"34":7,"35":3,"39":7},"path":"/home/engrsunday/workspace/E-Cert-Dapp/contracts/zeppelin/ownership/Ownable.sol","s":{"1":3,"2":3,"3":7,"4":7},"b":{"1":[3,4]},"f":{"1":3,"2":7,"3":7},"fnMap":{"1":{"name":"constructor","line":19,"loc":{"start":{"line":19,"column":4},"end":{"line":22,"column":4}}},"2":{"name":"onlyOwner","line":33,"loc":{"start":{"line":33,"column":4},"end":{"line":36,"column":4}}},"3":{"name":"isOwner","line":38,"loc":{"start":{"line":38,"column":4},"end":{"line":40,"column":4}}}},"statementMap":{"1":{"start":{"line":20,"column":8},"end":{"line":20,"column":33}},"2":{"start":{"line":21,"column":8},"end":{"line":21,"column":48}},"3":{"start":{"line":34,"column":8},"end":{"line":34,"column":42}},"4":{"start":{"line":39,"column":8},"end":{"line":39,"column":42}}},"branchMap":{"1":{"line":34,"type":"if","locations":[{"start":{"line":34,"column":8},"end":{"line":34,"column":8}},{"start":{"line":34,"column":8},"end":{"line":34,"column":8}}]}}}}