{"contracts/CertificateRegistry.sol":{"l":{"35":3,"39":1,"43":3,"47":3,"61":1,"65":1,"71":1,"74":1,"78":1,"79":1,"80":1,"85":4},"path":"/home/engrsunday/workspace/E-Cert-Dapp/contracts/CertificateRegistry.sol","s":{"1":3,"2":3,"3":1,"4":1,"5":1,"6":1,"7":1,"8":1,"9":1,"10":4},"b":{"1":[1,2],"2":[3,0],"3":[1,0],"4":[1,0]},"f":{"1":3,"2":3,"3":1,"4":1,"5":4},"fnMap":{"1":{"name":"onlyNotHashed","line":34,"loc":{"start":{"line":34,"column":4},"end":{"line":40,"column":4}}},"2":{"name":"onlyHashValueNotEmpty","line":42,"loc":{"start":{"line":42,"column":4},"end":{"line":48,"column":4}}},"3":{"name":"storeHash","line":59,"loc":{"start":{"line":55,"column":4},"end":{"line":75,"column":4}}},"4":{"name":"verifyHash","line":77,"loc":{"start":{"line":77,"column":4},"end":{"line":82,"column":4}}},"5":{"name":"isHashStored","line":84,"loc":{"start":{"line":84,"column":4},"end":{"line":86,"column":4}}}},"statementMap":{"1":{"start":{"line":35,"column":8},"end":{"line":35,"column":1052}},"2":{"start":{"line":43,"column":8},"end":{"line":43,"column":1273}},"3":{"start":{"line":61,"column":8},"end":{"line":61,"column":1801}},"4":{"start":{"line":65,"column":8},"end":{"line":65,"column":1922}},"5":{"start":{"line":71,"column":8},"end":{"line":71,"column":48}},"6":{"start":{"line":74,"column":8},"end":{"line":74,"column":64}},"7":{"start":{"line":78,"column":8},"end":{"line":78,"column":49}},"8":{"start":{"line":79,"column":8},"end":{"line":79,"column":2429}},"9":{"start":{"line":80,"column":12},"end":{"line":80,"column":23}},"10":{"start":{"line":85,"column":8},"end":{"line":85,"column":63}}},"branchMap":{"1":{"line":35,"type":"if","locations":[{"start":{"line":35,"column":8},"end":{"line":35,"column":8}},{"start":{"line":35,"column":8},"end":{"line":35,"column":8}}]},"2":{"line":43,"type":"if","locations":[{"start":{"line":43,"column":8},"end":{"line":43,"column":8}},{"start":{"line":43,"column":8},"end":{"line":43,"column":8}}]},"3":{"line":61,"type":"if","locations":[{"start":{"line":61,"column":8},"end":{"line":61,"column":8}},{"start":{"line":61,"column":8},"end":{"line":61,"column":8}}]},"4":{"line":79,"type":"if","locations":[{"start":{"line":79,"column":8},"end":{"line":79,"column":8}},{"start":{"line":79,"column":8},"end":{"line":79,"column":8}}]}}},"contracts/zeppelin/ownership/Ownable.sol":{"l":{"24":3,"25":3,"38":7,"39":3,"48":7},"path":"/home/engrsunday/workspace/E-Cert-Dapp/contracts/zeppelin/ownership/Ownable.sol","s":{"1":3,"2":3,"3":7,"4":7},"b":{"1":[3,4]},"f":{"1":3,"2":7,"3":7},"fnMap":{"1":{"name":"constructor","line":23,"loc":{"start":{"line":23,"column":4},"end":{"line":26,"column":4}}},"2":{"name":"onlyOwner","line":37,"loc":{"start":{"line":37,"column":4},"end":{"line":40,"column":4}}},"3":{"name":"isOwner","line":47,"loc":{"start":{"line":47,"column":4},"end":{"line":49,"column":4}}}},"statementMap":{"1":{"start":{"line":24,"column":8},"end":{"line":24,"column":33}},"2":{"start":{"line":25,"column":8},"end":{"line":25,"column":48}},"3":{"start":{"line":38,"column":8},"end":{"line":38,"column":42}},"4":{"start":{"line":48,"column":8},"end":{"line":48,"column":42}}},"branchMap":{"1":{"line":38,"type":"if","locations":[{"start":{"line":38,"column":8},"end":{"line":38,"column":8}},{"start":{"line":38,"column":8},"end":{"line":38,"column":8}}]}}}}